{"H:\\UDT2\\src\\client\\App.js": {"path":"H:\\UDT2\\src\\client\\App.js","statementMap":{"0":{"start":{"line":6,"column":3},"end":{"line":14,"column":5}},"1":{"start":{"line":10,"column":15},"end":{"line":10,"column":71}}},"fnMap":{"0":{"name":"App","decl":{"start":{"line":5,"column":24},"end":{"line":5,"column":27}},"loc":{"start":{"line":5,"column":30},"end":{"line":15,"column":1}},"line":5},"1":{"name":"(anonymous_1)","decl":{"start":{"line":9,"column":24},"end":{"line":9,"column":25}},"loc":{"start":{"line":10,"column":15},"end":{"line":10,"column":71}},"line":10}},"branchMap":{},"s":{"0":0,"1":0},"f":{"0":0,"1":0},"b":{}}
,"H:\\UDT2\\src\\client\\routes.js": {"path":"H:\\UDT2\\src\\client\\routes.js","statementMap":{"0":{"start":{"line":4,"column":15},"end":{"line":13,"column":1}}},"fnMap":{},"branchMap":{},"s":{"0":0},"f":{},"b":{}}
,"H:\\UDT2\\src\\client\\components\\History.js": {"path":"H:\\UDT2\\src\\client\\components\\History.js","statementMap":{"0":{"start":{"line":3,"column":16},"end":{"line":9,"column":1}},"1":{"start":{"line":4,"column":3},"end":{"line":8,"column":5}}},"fnMap":{"0":{"name":"(anonymous_0)","decl":{"start":{"line":3,"column":16},"end":{"line":3,"column":17}},"loc":{"start":{"line":3,"column":22},"end":{"line":9,"column":1}},"line":3}},"branchMap":{},"s":{"0":0,"1":0},"f":{"0":0},"b":{}}
,"H:\\UDT2\\src\\client\\components\\Home.js": {"path":"H:\\UDT2\\src\\client\\components\\Home.js","statementMap":{"0":{"start":{"line":3,"column":13},"end":{"line":9,"column":1}},"1":{"start":{"line":4,"column":3},"end":{"line":8,"column":5}}},"fnMap":{"0":{"name":"(anonymous_0)","decl":{"start":{"line":3,"column":13},"end":{"line":3,"column":14}},"loc":{"start":{"line":3,"column":19},"end":{"line":9,"column":1}},"line":3}},"branchMap":{},"s":{"0":1,"1":1},"f":{"0":1},"b":{},"_coverageSchema":"1a1c01bbd47fc00a2c39e90264f33305004495a9","hash":"711abf69cf1c7d76bc1621694a33547068811e22"}
,"H:\\UDT2\\src\\server\\index.js": {"path":"H:\\UDT2\\src\\server\\index.js","statementMap":{"0":{"start":{"line":7,"column":12},"end":{"line":7,"column":21}},"1":{"start":{"line":8,"column":13},"end":{"line":8,"column":17}},"2":{"start":{"line":10,"column":0},"end":{"line":10,"column":33}},"3":{"start":{"line":11,"column":0},"end":{"line":11,"column":32}},"4":{"start":{"line":13,"column":0},"end":{"line":30,"column":3}},"5":{"start":{"line":14,"column":18},"end":{"line":18,"column":4}},"6":{"start":{"line":19,"column":3},"end":{"line":29,"column":3}},"7":{"start":{"line":32,"column":0},"end":{"line":34,"column":3}},"8":{"start":{"line":33,"column":3},"end":{"line":33,"column":54}}},"fnMap":{"0":{"name":"(anonymous_0)","decl":{"start":{"line":13,"column":13},"end":{"line":13,"column":14}},"loc":{"start":{"line":13,"column":27},"end":{"line":30,"column":1}},"line":13},"1":{"name":"(anonymous_1)","decl":{"start":{"line":32,"column":17},"end":{"line":32,"column":18}},"loc":{"start":{"line":32,"column":23},"end":{"line":34,"column":1}},"line":32}},"branchMap":{},"s":{"0":0,"1":0,"2":0,"3":0,"4":0,"5":0,"6":0,"7":0,"8":0},"f":{"0":0,"1":0},"b":{}}
}
